<?xml version="1.0" encoding="UTF-8"?>
<testsuite xmlns:xsi="http://www.w3.org/2001/XMLSchema-instance" xsi:noNamespaceSchemaLocation="https://maven.apache.org/surefire/maven-surefire-plugin/xsd/surefire-test-report.xsd" name="com.registro.vacinacao.VacinaControllerTest" time="13.466" tests="3" errors="0" skipped="0" failures="0">
  <properties>
[...]
</properties>
  <testcase name="testListarVacinasAplicadasFabricante" classname="com.registro.vacinacao.VacinaControllerTest" time="0.177"/>
  <testcase name="testeListarTotalVacinasAplicadasComParametrosInvalidos" classname="com.registro.vacinacao.VacinaControllerTest" time="0.026"/>
  <testcase name="testeListarTotalVacinasAplicadasComEstado" classname="com.registro.vacinacao.VacinaControllerTest" time="0.01"/>
</testsuite>